<?xml version="1.0" encoding="UTF-8"?>
<!-- Generated by org.testng.reporters.JUnitXMLReporter -->
<testsuite ignored="4" hostname="DESKTOP-LB4QEPV" failures="0" tests="45" name="Test" time="0.233" errors="0" timestamp="2024-02-19T15:03:09 IST">
  <testcase classname="Shopperstack.BaseClassFRM" name="@BeforeSuite Openbrowser" time="12.132">
    <failure type="org.openqa.selenium.NoSuchWindowException" message="no such window: target window already closed
from unknown error: web view not found
  (Session info: chrome=121.0.6167.161)
Build info: version: &amp;apos;4.17.0&amp;apos;, revision: &amp;apos;e52b1be057*&amp;apos;
System info: os.name: &amp;apos;Windows 10&amp;apos;, os.arch: &amp;apos;amd64&amp;apos;, os.version: &amp;apos;10.0&amp;apos;, java.version: &amp;apos;17.0.9&amp;apos;
Driver info: org.openqa.selenium.chrome.ChromeDriver
Command: [5d35a288e7c05df387ac4ba0209f303f, findElement {value=(//button)[1], using=xpath}]
Capabilities {acceptInsecureCerts: false, browserName: chrome, browserVersion: 121.0.6167.161, chrome: {chromedriverVersion: 121.0.6167.184 (057a8ae7deb..., userDataDir: C:\Users\CBT\AppData\Local\...}, fedcm:accounts: true, goog:chromeOptions: {debuggerAddress: localhost:64909}, networkConnectionEnabled: false, pageLoadStrategy: normal, platformName: windows, proxy: Proxy(), se:cdp: ws://localhost:64909/devtoo..., se:cdpVersion: 121.0.6167.161, setWindowRect: true, strictFileInteractability: false, timeouts: {implicit: 0, pageLoad: 300000, script: 30000}, unhandledPromptBehavior: dismiss and notify, webauthn:extension:credBlob: true, webauthn:extension:largeBlob: true, webauthn:extension:minPinLength: true, webauthn:extension:prf: true, webauthn:virtualAuthenticators: true}
Session ID: 5d35a288e7c05df387ac4ba0209f303f">
      <![CDATA[org.openqa.selenium.NoSuchWindowException: no such window: target window already closed
from unknown error: web view not found
  (Session info: chrome=121.0.6167.161)
Build info: version: '4.17.0', revision: 'e52b1be057*'
System info: os.name: 'Windows 10', os.arch: 'amd64', os.version: '10.0', java.version: '17.0.9'
Driver info: org.openqa.selenium.chrome.ChromeDriver
Command: [5d35a288e7c05df387ac4ba0209f303f, findElement {value=(//button)[1], using=xpath}]
Capabilities {acceptInsecureCerts: false, browserName: chrome, browserVersion: 121.0.6167.161, chrome: {chromedriverVersion: 121.0.6167.184 (057a8ae7deb..., userDataDir: C:\Users\CBT\AppData\Local\...}, fedcm:accounts: true, goog:chromeOptions: {debuggerAddress: localhost:64909}, networkConnectionEnabled: false, pageLoadStrategy: normal, platformName: windows, proxy: Proxy(), se:cdp: ws://localhost:64909/devtoo..., se:cdpVersion: 121.0.6167.161, setWindowRect: true, strictFileInteractability: false, timeouts: {implicit: 0, pageLoad: 300000, script: 30000}, unhandledPromptBehavior: dismiss and notify, webauthn:extension:credBlob: true, webauthn:extension:largeBlob: true, webauthn:extension:minPinLength: true, webauthn:extension:prf: true, webauthn:virtualAuthenticators: true}
Session ID: 5d35a288e7c05df387ac4ba0209f303f
at org.openqa.selenium.remote.codec.w3c.W3CHttpResponseCodec.createException(W3CHttpResponseCodec.java:185)
at org.openqa.selenium.remote.codec.w3c.W3CHttpResponseCodec.decode(W3CHttpResponseCodec.java:134)
at org.openqa.selenium.remote.codec.w3c.W3CHttpResponseCodec.decode(W3CHttpResponseCodec.java:51)
at org.openqa.selenium.remote.HttpCommandExecutor.execute(HttpCommandExecutor.java:190)
at org.openqa.selenium.remote.service.DriverCommandExecutor.invokeExecute(DriverCommandExecutor.java:216)
at org.openqa.selenium.remote.service.DriverCommandExecutor.execute(DriverCommandExecutor.java:174)
at org.openqa.selenium.remote.RemoteWebDriver.execute(RemoteWebDriver.java:519)
at org.openqa.selenium.remote.ElementLocation$ElementFinder$2.findElement(ElementLocation.java:165)
at org.openqa.selenium.remote.ElementLocation.findElement(ElementLocation.java:59)
at org.openqa.selenium.remote.RemoteWebDriver.findElement(RemoteWebDriver.java:356)
at org.openqa.selenium.remote.RemoteWebDriver.findElement(RemoteWebDriver.java:350)
at Shopperstack.BaseClassFRM.Openbrowser(BaseClassFRM.java:56)
... Removed 24 stack frames]]>
    </failure>
  </testcase> <!-- @BeforeSuite Openbrowser -->
  <testcase classname="Shopperstack.HybridFRM" name="MN_002" time="0.0">
    <skipped/>
  </testcase> <!-- MN_002 -->
  <testcase classname="Shopperstack.HybridFRM" name="MN_003" time="0.0">
    <skipped/>
  </testcase> <!-- MN_003 -->
  <testcase classname="Shopperstack.HybridFRM" name="MN_004" time="0.0">
    <skipped/>
  </testcase> <!-- MN_004 -->
  <testcase classname="Shopperstack.HybridFRM" name="MN_005" time="0.0">
    <skipped/>
  </testcase> <!-- MN_005 -->
  <testcase classname="Shopperstack.HybridFRM" name="MN_006" time="0.0">
    <skipped/>
  </testcase> <!-- MN_006 -->
  <testcase classname="Shopperstack.HybridFRM" name="MN_007" time="0.0">
    <skipped/>
  </testcase> <!-- MN_007 -->
  <testcase classname="Shopperstack.HybridFRM" name="MN_008" time="0.0">
    <skipped/>
  </testcase> <!-- MN_008 -->
  <testcase classname="Shopperstack.HybridFRM" name="MN_009" time="0.0">
    <skipped/>
  </testcase> <!-- MN_009 -->
  <testcase classname="Shopperstack.HybridFRM" name="MN_010" time="0.0">
    <skipped/>
  </testcase> <!-- MN_010 -->
  <testcase classname="Shopperstack.HybridFRM" name="MN_011" time="0.0">
    <skipped/>
  </testcase> <!-- MN_011 -->
  <testcase classname="Shopperstack.HybridFRM" name="MN_012" time="0.0">
    <skipped/>
  </testcase> <!-- MN_012 -->
  <testcase classname="Shopperstack.HybridFRM" name="MN_013" time="0.0">
    <skipped/>
  </testcase> <!-- MN_013 -->
  <testcase classname="Shopperstack.HybridFRM" name="MN_014" time="0.0">
    <skipped/>
  </testcase> <!-- MN_014 -->
  <testcase classname="Shopperstack.HybridFRM" name="MN_015" time="0.0">
    <skipped/>
  </testcase> <!-- MN_015 -->
  <testcase classname="Shopperstack.HybridFRM2" name="MN_016" time="0.0">
    <skipped/>
  </testcase> <!-- MN_016 -->
  <testcase classname="Shopperstack.HybridFRM2" name="MN_017" time="0.0">
    <skipped/>
  </testcase> <!-- MN_017 -->
  <testcase classname="Shopperstack.HybridFRM2" name="MN_018" time="0.0">
    <skipped/>
  </testcase> <!-- MN_018 -->
  <testcase classname="Shopperstack.HybridFRM2" name="MN_019" time="0.0">
    <skipped/>
  </testcase> <!-- MN_019 -->
  <testcase classname="Shopperstack.HybridFRM2" name="MN_020" time="0.0">
    <skipped/>
  </testcase> <!-- MN_020 -->
  <testcase classname="Shopperstack.HybridFRM2" name="MN_021" time="0.0">
    <skipped/>
  </testcase> <!-- MN_021 -->
  <testcase classname="Shopperstack.HybridFRM2" name="MN_022" time="0.0">
    <skipped/>
  </testcase> <!-- MN_022 -->
  <testcase classname="Shopperstack.HybridFRM2" name="MN_023" time="0.0">
    <skipped/>
  </testcase> <!-- MN_023 -->
  <testcase classname="Shopperstack.HybridFRM2" name="MN_024" time="0.0">
    <skipped/>
  </testcase> <!-- MN_024 -->
  <testcase classname="Shopperstack.HybridFRM2" name="MN_025" time="0.0">
    <skipped/>
  </testcase> <!-- MN_025 -->
  <testcase classname="Shopperstack.HybridFRM2" name="MN_026" time="0.0">
    <skipped/>
  </testcase> <!-- MN_026 -->
  <testcase classname="Shopperstack.HybridFRM2" name="MN_027" time="0.0">
    <skipped/>
  </testcase> <!-- MN_027 -->
  <testcase classname="Shopperstack.HybridFRM2" name="MN_030" time="0.0">
    <skipped/>
  </testcase> <!-- MN_030 -->
  <testcase classname="Shopperstack.HybridFRM2" name="MN_032" time="0.0">
    <skipped/>
  </testcase> <!-- MN_032 -->
  <testcase classname="Shopperstack.HybridFRM2" name="MN_033" time="0.0">
    <skipped/>
  </testcase> <!-- MN_033 -->
  <testcase classname="Shopperstack.HybridFRM2" name="MN_034" time="0.0">
    <skipped/>
  </testcase> <!-- MN_034 -->
  <testcase classname="Shopperstack.HybridFRM3" name="MN_035andMN_036" time="0.0">
    <skipped/>
  </testcase> <!-- MN_035andMN_036 -->
  <testcase classname="Shopperstack.HybridFRM3" name="MN_037" time="0.0">
    <skipped/>
  </testcase> <!-- MN_037 -->
  <testcase classname="Shopperstack.HybridFRM3" name="MN_038" time="0.0">
    <skipped/>
  </testcase> <!-- MN_038 -->
  <testcase classname="Shopperstack.HybridFRM3" name="MN_039" time="0.0">
    <skipped/>
  </testcase> <!-- MN_039 -->
  <testcase classname="Shopperstack.HybridFRM3" name="MN_040" time="0.0">
    <skipped/>
  </testcase> <!-- MN_040 -->
  <testcase classname="Shopperstack.HybridFRM3" name="MN_041" time="0.0">
    <skipped/>
  </testcase> <!-- MN_041 -->
  <testcase classname="Shopperstack.HybridFRM3" name="MN_042" time="0.0">
    <skipped/>
  </testcase> <!-- MN_042 -->
  <testcase classname="Shopperstack.HybridFRM3" name="MN_043" time="0.0">
    <skipped/>
  </testcase> <!-- MN_043 -->
  <testcase classname="Shopperstack.HybridFRM3" name="MN_044" time="0.0">
    <skipped/>
  </testcase> <!-- MN_044 -->
  <testcase classname="Shopperstack.HybridFRM3" name="MN_045" time="0.0">
    <skipped/>
  </testcase> <!-- MN_045 -->
  <testcase classname="Shopperstack.HybridFRM3" name="MN_046" time="0.0">
    <skipped/>
  </testcase> <!-- MN_046 -->
  <testcase classname="Shopperstack.HybridFRM3" name="MN_047" time="0.0">
    <skipped/>
  </testcase> <!-- MN_047 -->
  <testcase classname="Shopperstack.HybridFRM3" name="MN_048" time="0.0">
    <skipped/>
  </testcase> <!-- MN_048 -->
  <testcase classname="Shopperstack.HybridFRM3" name="MN_049" time="0.0">
    <skipped/>
  </testcase> <!-- MN_049 -->
  <testcase classname="Shopperstack.HybridFRM3" name="MN_050" time="0.0">
    <skipped/>
  </testcase> <!-- MN_050 -->
  <testcase classname="Shopperstack.BaseClassFRM" name="@AfterSuite Closebrowser" time="0.0">
    <ignored/>
  </testcase> <!-- @AfterSuite Closebrowser -->
  <testcase classname="Shopperstack.BaseClassFRM" name="@AfterSuite Closebrowser" time="0.0">
    <ignored/>
  </testcase> <!-- @AfterSuite Closebrowser -->
  <testcase classname="Shopperstack.BaseClassFRM" name="@BeforeSuite Openbrowser" time="0.0">
    <ignored/>
  </testcase> <!-- @BeforeSuite Openbrowser -->
  <testcase classname="Shopperstack.BaseClassFRM" name="@BeforeSuite Openbrowser" time="0.0">
    <ignored/>
  </testcase> <!-- @BeforeSuite Openbrowser -->
</testsuite> <!-- Test -->
