<?xml version="1.0" encoding="UTF-8"?>
<!-- Generated by org.testng.reporters.JUnitReportReporter -->
<testsuite hostname="DESKTOP-LB4QEPV" failures="0" tests="15" name="Shopperstack.HybridFRM" time="12.132" errors="1" timestamp="2024-02-19T15:03:09 IST" skipped="14">
  <testcase classname="Shopperstack.HybridFRM" name="MN_004" time="0.000">
    <skipped/>
  </testcase> <!-- MN_004 -->
  <system-out/>
  <testcase classname="Shopperstack.HybridFRM" name="MN_015" time="0.000">
    <skipped/>
  </testcase> <!-- MN_015 -->
  <system-out/>
  <testcase classname="Shopperstack.HybridFRM" name="MN_011" time="0.000">
    <skipped/>
  </testcase> <!-- MN_011 -->
  <system-out/>
  <testcase classname="Shopperstack.HybridFRM" name="MN_002" time="0.000">
    <skipped/>
  </testcase> <!-- MN_002 -->
  <system-out/>
  <testcase classname="Shopperstack.HybridFRM" name="MN_003" time="0.000">
    <skipped/>
  </testcase> <!-- MN_003 -->
  <system-out/>
  <testcase classname="Shopperstack.HybridFRM" name="MN_010" time="0.000">
    <skipped/>
  </testcase> <!-- MN_010 -->
  <system-out/>
  <testcase classname="Shopperstack.HybridFRM" name="MN_008" time="0.000">
    <skipped/>
  </testcase> <!-- MN_008 -->
  <system-out/>
  <testcase classname="Shopperstack.HybridFRM" name="MN_005" time="0.000">
    <skipped/>
  </testcase> <!-- MN_005 -->
  <system-out/>
  <testcase classname="Shopperstack.HybridFRM" name="Openbrowser" time="12.132">
    <error message="no such window: target window already closed
from unknown error: web view not found
  (Session info: chrome=121.0.6167.161)
Build info: version: &#039;4.17.0&#039;, revision: &#039;e52b1be057*&#039;
System info: os.name: &#039;Windows 10&#039;, os.arch: &#039;amd64&#039;, os.version: &#039;10.0&#039;, java.version: &#039;17.0.9&#039;
Driver info: org.openqa.selenium.chrome.ChromeDriver
Command: [5d35a288e7c05df387ac4ba0209f303f, findElement {value=(//button)[1], using=xpath}]
Capabilities {acceptInsecureCerts: false, browserName: chrome, browserVersion: 121.0.6167.161, chrome: {chromedriverVersion: 121.0.6167.184 (057a8ae7deb..., userDataDir: C:\Users\CBT\AppData\Local\...}, fedcm:accounts: true, goog:chromeOptions: {debuggerAddress: localhost:64909}, networkConnectionEnabled: false, pageLoadStrategy: normal, platformName: windows, proxy: Proxy(), se:cdp: ws://localhost:64909/devtoo..., se:cdpVersion: 121.0.6167.161, setWindowRect: true, strictFileInteractability: false, timeouts: {implicit: 0, pageLoad: 300000, script: 30000}, unhandledPromptBehavior: dismiss and notify, webauthn:extension:credBlob: true, webauthn:extension:largeBlob: true, webauthn:extension:minPinLength: true, webauthn:extension:prf: true, webauthn:virtualAuthenticators: true}
Session ID: 5d35a288e7c05df387ac4ba0209f303f" type="org.openqa.selenium.NoSuchWindowException">
      <![CDATA[org.openqa.selenium.NoSuchWindowException: no such window: target window already closed
from unknown error: web view not found
  (Session info: chrome=121.0.6167.161)
Build info: version: '4.17.0', revision: 'e52b1be057*'
System info: os.name: 'Windows 10', os.arch: 'amd64', os.version: '10.0', java.version: '17.0.9'
Driver info: org.openqa.selenium.chrome.ChromeDriver
Command: [5d35a288e7c05df387ac4ba0209f303f, findElement {value=(//button)[1], using=xpath}]
Capabilities {acceptInsecureCerts: false, browserName: chrome, browserVersion: 121.0.6167.161, chrome: {chromedriverVersion: 121.0.6167.184 (057a8ae7deb..., userDataDir: C:\Users\CBT\AppData\Local\...}, fedcm:accounts: true, goog:chromeOptions: {debuggerAddress: localhost:64909}, networkConnectionEnabled: false, pageLoadStrategy: normal, platformName: windows, proxy: Proxy(), se:cdp: ws://localhost:64909/devtoo..., se:cdpVersion: 121.0.6167.161, setWindowRect: true, strictFileInteractability: false, timeouts: {implicit: 0, pageLoad: 300000, script: 30000}, unhandledPromptBehavior: dismiss and notify, webauthn:extension:credBlob: true, webauthn:extension:largeBlob: true, webauthn:extension:minPinLength: true, webauthn:extension:prf: true, webauthn:virtualAuthenticators: true}
Session ID: 5d35a288e7c05df387ac4ba0209f303f
at java.base/jdk.internal.reflect.NativeConstructorAccessorImpl.newInstance0(Native Method)
at java.base/jdk.internal.reflect.NativeConstructorAccessorImpl.newInstance(NativeConstructorAccessorImpl.java:77)
at java.base/jdk.internal.reflect.DelegatingConstructorAccessorImpl.newInstance(DelegatingConstructorAccessorImpl.java:45)
at java.base/java.lang.reflect.Constructor.newInstanceWithCaller(Constructor.java:499)
at java.base/java.lang.reflect.Constructor.newInstance(Constructor.java:480)
at org.openqa.selenium.remote.codec.w3c.W3CHttpResponseCodec.createException(W3CHttpResponseCodec.java:185)
at org.openqa.selenium.remote.codec.w3c.W3CHttpResponseCodec.decode(W3CHttpResponseCodec.java:134)
at org.openqa.selenium.remote.codec.w3c.W3CHttpResponseCodec.decode(W3CHttpResponseCodec.java:51)
at org.openqa.selenium.remote.HttpCommandExecutor.execute(HttpCommandExecutor.java:190)
at org.openqa.selenium.remote.service.DriverCommandExecutor.invokeExecute(DriverCommandExecutor.java:216)
at org.openqa.selenium.remote.service.DriverCommandExecutor.execute(DriverCommandExecutor.java:174)
at org.openqa.selenium.remote.RemoteWebDriver.execute(RemoteWebDriver.java:519)
at org.openqa.selenium.remote.ElementLocation$ElementFinder$2.findElement(ElementLocation.java:165)
at org.openqa.selenium.remote.ElementLocation.findElement(ElementLocation.java:59)
at org.openqa.selenium.remote.RemoteWebDriver.findElement(RemoteWebDriver.java:356)
at org.openqa.selenium.remote.RemoteWebDriver.findElement(RemoteWebDriver.java:350)
at Shopperstack.BaseClassFRM.Openbrowser(BaseClassFRM.java:56)
at java.base/jdk.internal.reflect.NativeMethodAccessorImpl.invoke0(Native Method)
at java.base/jdk.internal.reflect.NativeMethodAccessorImpl.invoke(NativeMethodAccessorImpl.java:77)
at java.base/jdk.internal.reflect.DelegatingMethodAccessorImpl.invoke(DelegatingMethodAccessorImpl.java:43)
at java.base/java.lang.reflect.Method.invoke(Method.java:568)
at org.testng.internal.MethodInvocationHelper.invokeMethod(MethodInvocationHelper.java:133)
at org.testng.internal.MethodInvocationHelper.invokeMethodConsideringTimeout(MethodInvocationHelper.java:62)
at org.testng.internal.ConfigInvoker.invokeConfigurationMethod(ConfigInvoker.java:385)
at org.testng.internal.ConfigInvoker.invokeConfigurations(ConfigInvoker.java:321)
at org.testng.SuiteRunner.privateRun(SuiteRunner.java:317)
at org.testng.SuiteRunner.run(SuiteRunner.java:276)
at org.testng.SuiteRunnerWorker.runSuite(SuiteRunnerWorker.java:53)
at org.testng.SuiteRunnerWorker.run(SuiteRunnerWorker.java:96)
at org.testng.TestNG.runSuitesSequentially(TestNG.java:1212)
at org.testng.TestNG.runSuitesLocally(TestNG.java:1134)
at org.testng.TestNG.runSuites(TestNG.java:1063)
at org.testng.TestNG.run(TestNG.java:1031)
at org.testng.remote.AbstractRemoteTestNG.run(AbstractRemoteTestNG.java:115)
at org.testng.remote.RemoteTestNG.initAndRun(RemoteTestNG.java:251)
at org.testng.remote.RemoteTestNG.main(RemoteTestNG.java:77)
]]>
    </error>
  </testcase> <!-- Openbrowser -->
  <system-out/>
  <testcase classname="Shopperstack.HybridFRM" name="MN_007" time="0.000">
    <skipped/>
  </testcase> <!-- MN_007 -->
  <system-out/>
  <testcase classname="Shopperstack.HybridFRM" name="MN_012" time="0.000">
    <skipped/>
  </testcase> <!-- MN_012 -->
  <system-out/>
  <testcase classname="Shopperstack.HybridFRM" name="MN_013" time="0.000">
    <skipped/>
  </testcase> <!-- MN_013 -->
  <system-out/>
  <testcase classname="Shopperstack.HybridFRM" name="MN_014" time="0.000">
    <skipped/>
  </testcase> <!-- MN_014 -->
  <system-out/>
  <testcase classname="Shopperstack.HybridFRM" name="MN_009" time="0.000">
    <skipped/>
  </testcase> <!-- MN_009 -->
  <system-out/>
  <testcase classname="Shopperstack.HybridFRM" name="MN_006" time="0.000">
    <skipped/>
  </testcase> <!-- MN_006 -->
  <system-out/>
</testsuite> <!-- Shopperstack.HybridFRM -->
